[debug] [2020-11-28T13:58:31.505Z] ----------------------------------------------------------------------
[debug] [2020-11-28T13:58:31.510Z] Command:       C:\Program Files\nodejs\node.exe C:\Users\med\AppData\Roaming\npm\node_modules\firebase-tools\lib\bin\firebase.js emulators:start
[debug] [2020-11-28T13:58:31.511Z] CLI Version:   8.16.2
[debug] [2020-11-28T13:58:31.511Z] Platform:      win32
[debug] [2020-11-28T13:58:31.511Z] Node Version:  v14.4.0
[debug] [2020-11-28T13:58:31.515Z] Time:          Sat Nov 28 2020 14:58:31 GMT+0100 (Central European Standard Time)
[debug] [2020-11-28T13:58:31.515Z] ----------------------------------------------------------------------
[debug] [2020-11-28T13:58:31.515Z] 
[debug] [2020-11-28T13:58:31.540Z] > command requires scopes: ["email","openid","https://www.googleapis.com/auth/cloudplatformprojects.readonly","https://www.googleapis.com/auth/firebase","https://www.googleapis.com/auth/cloud-platform"]
[debug] [2020-11-28T13:58:31.545Z] > authorizing via signed-in user
[info] i  emulators: Starting emulators: functions, hosting {"metadata":{"emulator":{"name":"hub"},"message":"Starting emulators: functions, hosting"}}
[debug] [2020-11-28T13:58:33.642Z] [hub] writing locator at C:\Users\med\AppData\Local\Temp\hub-clone-38107.json
[warn] !  functions: The following emulators are not running, calls to these services from the Functions emulator will affect production: auth, firestore, database, pubsub {"metadata":{"emulator":{"name":"functions"},"message":"The following emulators are not running, calls to these services from the Functions emulator will affect production: \u001b[1mauth, firestore, database, pubsub\u001b[22m"}}
[warn] !  Your requested "node" version "12" doesn't match your global version "14" {"metadata":{"emulator":{"name":"functions"},"message":"Your requested \"node\" version \"12\" doesn't match your global version \"14\""}}
[debug] [2020-11-28T13:58:35.773Z] defaultcredentials: writing to file C:\Users\med\AppData\Roaming\firebase\medkh6699_gmail_com_application_default_credentials.json
[debug] [2020-11-28T13:58:35.781Z] Setting GAC to C:\Users\med\AppData\Roaming\firebase\medkh6699_gmail_com_application_default_credentials.json {"metadata":{"emulator":{"name":"functions"},"message":"Setting GAC to C:\\Users\\med\\AppData\\Roaming\\firebase\\medkh6699_gmail_com_application_default_credentials.json"}}
[debug] [2020-11-28T13:58:37.875Z] >>> HTTP REQUEST GET https://firebase.googleapis.com/v1beta1/projects/clone-38107/webApps/-/config  
 
[debug] [2020-11-28T13:58:39.355Z] <<< HTTP RESPONSE 200 {"content-type":"application/json; charset=UTF-8","vary":"X-Origin, Referer, Origin,Accept-Encoding","date":"Sat, 28 Nov 2020 13:59:16 GMT","server":"ESF","cache-control":"private","x-xss-protection":"0","x-frame-options":"SAMEORIGIN","x-content-type-options":"nosniff","alt-svc":"h3-29=\":443\"; ma=2592000,h3-T051=\":443\"; ma=2592000,h3-Q050=\":443\"; ma=2592000,h3-Q046=\":443\"; ma=2592000,h3-Q043=\":443\"; ma=2592000,quic=\":443\"; ma=2592000; v=\"46,43\"","accept-ranges":"none","transfer-encoding":"chunked"}
[info] i  hosting: Serving hosting files from: build {"metadata":{"emulator":{"name":"hosting"},"message":"Serving hosting files from: \u001b[1mbuild\u001b[22m"}}
[info] +  hosting: Local server: http://localhost:5000 {"metadata":{"emulator":{"name":"hosting"},"message":"Local server: \u001b[4m\u001b[1mhttp://localhost:5000\u001b[22m\u001b[24m"}}
[info] i  ui: downloading ui-v1.2.2.zip... {"metadata":{"emulator":{"name":"ui"},"message":"downloading ui-v1.2.2.zip..."}}
[debug] [2020-11-28T13:58:43.559Z] >>> [apiv2][query] GET https://storage.googleapis.com/firebase-preview-drop/emulator/ui-v1.2.2.zip [none]
[debug] [2020-11-28T13:58:44.785Z] <<< [apiv2][status] GET https://storage.googleapis.com/firebase-preview-drop/emulator/ui-v1.2.2.zip 200
[debug] [2020-11-28T13:58:44.785Z] <<< [apiv2][body] GET https://storage.googleapis.com/firebase-preview-drop/emulator/ui-v1.2.2.zip [stream]
[debug] [2020-11-28T13:58:54.855Z] Ignoring unsupported arg: auto_download {"metadata":{"emulator":{"name":"ui"},"message":"Ignoring unsupported arg: auto_download"}}
[debug] [2020-11-28T13:58:54.855Z] Ignoring unsupported arg: port {"metadata":{"emulator":{"name":"ui"},"message":"Ignoring unsupported arg: port"}}
[debug] [2020-11-28T13:58:54.855Z] Starting Emulator UI with command {"binary":"node","args":["C:\\Users\\med\\.cache\\firebase\\emulators\\ui-v1.2.2\\server.bundle.js"],"optionalArgs":[],"joinArgs":false} {"metadata":{"emulator":{"name":"ui"},"message":"Starting Emulator UI with command {\"binary\":\"node\",\"args\":[\"C:\\\\Users\\\\med\\\\.cache\\\\firebase\\\\emulators\\\\ui-v1.2.2\\\\server.bundle.js\"],\"optionalArgs\":[],\"joinArgs\":false}"}}
[info] i  ui: Emulator UI logging to ui-debug.log {"metadata":{"emulator":{"name":"ui"},"message":"Emulator UI logging to \u001b[1mui-debug.log\u001b[22m"}}
[debug] [2020-11-28T13:58:55.070Z] Web / API server started at http://localhost:4000
 {"metadata":{"emulator":{"name":"ui"},"message":"Web / API server started at http://localhost:4000\n"}}
[info] i  functions: Watching "C:\Users\med\Desktop\amazon-clone\amazon-clone\functions" for Cloud Functions... {"metadata":{"emulator":{"name":"functions"},"message":"Watching \"C:\\Users\\med\\Desktop\\amazon-clone\\amazon-clone\\functions\" for Cloud Functions..."}}
[debug] [2020-11-28T13:58:55.462Z] [worker-pool] addWorker(~diagnostic~) {"metadata":{"emulator":{"name":"functions"},"message":"[worker-pool] addWorker(~diagnostic~)"}}
[debug] [2020-11-28T13:58:55.462Z] [worker-pool] Adding worker with key ~diagnostic~, total=1 {"metadata":{"emulator":{"name":"functions"},"message":"[worker-pool] Adding worker with key ~diagnostic~, total=1"}}
[debug] [2020-11-28T13:58:55.462Z] [worker-pool] submitWork(triggerId=) {"metadata":{"emulator":{"name":"functions"},"message":"[worker-pool] submitWork(triggerId=)"}}
[debug] [2020-11-28T13:58:55.462Z] [worker-~diagnostic~-d1457cc9-3d69-46cc-94a1-f91746d869d8]: Assigning socketPath: \\?\pipe\C:\Users\med\Desktop\amazon-clone\amazon-clone\functions\7124 {"metadata":{"emulator":{"name":"functions"},"message":"[worker-~diagnostic~-d1457cc9-3d69-46cc-94a1-f91746d869d8]: Assigning socketPath: \\\\?\\pipe\\C:\\Users\\med\\Desktop\\amazon-clone\\amazon-clone\\functions\\7124"}}
[debug] [2020-11-28T13:58:55.466Z] [worker-~diagnostic~-d1457cc9-3d69-46cc-94a1-f91746d869d8]: BUSY {"metadata":{"emulator":{"name":"functions"},"message":"[worker-~diagnostic~-d1457cc9-3d69-46cc-94a1-f91746d869d8]: BUSY"}}
[debug] [2020-11-28T13:58:56.424Z] [runtime-status] [7124] Functions runtime initialized. {"cwd":"C:\\Users\\med\\Desktop\\amazon-clone\\amazon-clone\\functions","node_version":"14.4.0"} {"metadata":{"emulator":{"name":"functions"},"message":"[runtime-status] [7124] Functions runtime initialized. {\"cwd\":\"C:\\\\Users\\\\med\\\\Desktop\\\\amazon-clone\\\\amazon-clone\\\\functions\",\"node_version\":\"14.4.0\"}"}}
[debug] [2020-11-28T13:58:56.428Z] [runtime-status] [7124] Disabled runtime features: undefined {"metadata":{"emulator":{"name":"functions"},"message":"[runtime-status] [7124] Disabled runtime features: undefined"}}
[debug] [2020-11-28T13:58:56.432Z] [runtime-status] [7124] Resolved module firebase-admin {"declared":true,"installed":true,"version":"9.4.1","resolution":"C:\\Users\\med\\Desktop\\amazon-clone\\amazon-clone\\functions\\node_modules\\firebase-admin\\lib\\index.js"} {"metadata":{"emulator":{"name":"functions"},"message":"[runtime-status] [7124] Resolved module firebase-admin {\"declared\":true,\"installed\":true,\"version\":\"9.4.1\",\"resolution\":\"C:\\\\Users\\\\med\\\\Desktop\\\\amazon-clone\\\\amazon-clone\\\\functions\\\\node_modules\\\\firebase-admin\\\\lib\\\\index.js\"}"}}
[debug] [2020-11-28T13:58:56.436Z] [runtime-status] [7124] Resolved module firebase-functions {"declared":true,"installed":true,"version":"3.11.0","resolution":"C:\\Users\\med\\Desktop\\amazon-clone\\amazon-clone\\functions\\node_modules\\firebase-functions\\lib\\index.js"} {"metadata":{"emulator":{"name":"functions"},"message":"[runtime-status] [7124] Resolved module firebase-functions {\"declared\":true,\"installed\":true,\"version\":\"3.11.0\",\"resolution\":\"C:\\\\Users\\\\med\\\\Desktop\\\\amazon-clone\\\\amazon-clone\\\\functions\\\\node_modules\\\\firebase-functions\\\\lib\\\\index.js\"}"}}
[debug] [2020-11-28T13:58:56.441Z] [runtime-status] [7124] Resolved module firebase-functions {"declared":true,"installed":true,"version":"3.11.0","resolution":"C:\\Users\\med\\Desktop\\amazon-clone\\amazon-clone\\functions\\node_modules\\firebase-functions\\lib\\index.js"} {"metadata":{"emulator":{"name":"functions"},"message":"[runtime-status] [7124] Resolved module firebase-functions {\"declared\":true,\"installed\":true,\"version\":\"3.11.0\",\"resolution\":\"C:\\\\Users\\\\med\\\\Desktop\\\\amazon-clone\\\\amazon-clone\\\\functions\\\\node_modules\\\\firebase-functions\\\\lib\\\\index.js\"}"}}
[debug] [2020-11-28T13:58:56.443Z] [runtime-status] [7124] Outgoing network have been stubbed. [{"name":"http","status":"mocked"},{"name":"http","status":"mocked"},{"name":"https","status":"mocked"},{"name":"https","status":"mocked"},{"name":"net","status":"mocked"}] {"metadata":{"emulator":{"name":"functions"},"message":"[runtime-status] [7124] Outgoing network have been stubbed. [{\"name\":\"http\",\"status\":\"mocked\"},{\"name\":\"http\",\"status\":\"mocked\"},{\"name\":\"https\",\"status\":\"mocked\"},{\"name\":\"https\",\"status\":\"mocked\"},{\"name\":\"net\",\"status\":\"mocked\"}]"}}
[debug] [2020-11-28T13:58:56.444Z] [runtime-status] [7124] Resolved module firebase-functions {"declared":true,"installed":true,"version":"3.11.0","resolution":"C:\\Users\\med\\Desktop\\amazon-clone\\amazon-clone\\functions\\node_modules\\firebase-functions\\lib\\index.js"} {"metadata":{"emulator":{"name":"functions"},"message":"[runtime-status] [7124] Resolved module firebase-functions {\"declared\":true,\"installed\":true,\"version\":\"3.11.0\",\"resolution\":\"C:\\\\Users\\\\med\\\\Desktop\\\\amazon-clone\\\\amazon-clone\\\\functions\\\\node_modules\\\\firebase-functions\\\\lib\\\\index.js\"}"}}
[debug] [2020-11-28T13:58:56.540Z] [runtime-status] [7124] Checked functions.config() {"config":{}} {"metadata":{"emulator":{"name":"functions"},"message":"[runtime-status] [7124] Checked functions.config() {\"config\":{}}"}}
[debug] [2020-11-28T13:58:56.540Z] [runtime-status] [7124] firebase-functions has been stubbed. {"functionsResolution":{"declared":true,"installed":true,"version":"3.11.0","resolution":"C:\\Users\\med\\Desktop\\amazon-clone\\amazon-clone\\functions\\node_modules\\firebase-functions\\lib\\index.js"}} {"metadata":{"emulator":{"name":"functions"},"message":"[runtime-status] [7124] firebase-functions has been stubbed. {\"functionsResolution\":{\"declared\":true,\"installed\":true,\"version\":\"3.11.0\",\"resolution\":\"C:\\\\Users\\\\med\\\\Desktop\\\\amazon-clone\\\\amazon-clone\\\\functions\\\\node_modules\\\\firebase-functions\\\\lib\\\\index.js\"}}"}}
[debug] [2020-11-28T13:58:56.540Z] [runtime-status] [7124] Resolved module firebase-functions {"declared":true,"installed":true,"version":"3.11.0","resolution":"C:\\Users\\med\\Desktop\\amazon-clone\\amazon-clone\\functions\\node_modules\\firebase-functions\\lib\\index.js"} {"metadata":{"emulator":{"name":"functions"},"message":"[runtime-status] [7124] Resolved module firebase-functions {\"declared\":true,\"installed\":true,\"version\":\"3.11.0\",\"resolution\":\"C:\\\\Users\\\\med\\\\Desktop\\\\amazon-clone\\\\amazon-clone\\\\functions\\\\node_modules\\\\firebase-functions\\\\lib\\\\index.js\"}"}}
[debug] [2020-11-28T13:58:56.540Z] [runtime-status] [7124] Resolved module firebase-admin {"declared":true,"installed":true,"version":"9.4.1","resolution":"C:\\Users\\med\\Desktop\\amazon-clone\\amazon-clone\\functions\\node_modules\\firebase-admin\\lib\\index.js"} {"metadata":{"emulator":{"name":"functions"},"message":"[runtime-status] [7124] Resolved module firebase-admin {\"declared\":true,\"installed\":true,\"version\":\"9.4.1\",\"resolution\":\"C:\\\\Users\\\\med\\\\Desktop\\\\amazon-clone\\\\amazon-clone\\\\functions\\\\node_modules\\\\firebase-admin\\\\lib\\\\index.js\"}"}}
[debug] [2020-11-28T13:58:56.544Z] [runtime-status] [7124] Resolved module firebase-functions {"declared":true,"installed":true,"version":"3.11.0","resolution":"C:\\Users\\med\\Desktop\\amazon-clone\\amazon-clone\\functions\\node_modules\\firebase-functions\\lib\\index.js"} {"metadata":{"emulator":{"name":"functions"},"message":"[runtime-status] [7124] Resolved module firebase-functions {\"declared\":true,\"installed\":true,\"version\":\"3.11.0\",\"resolution\":\"C:\\\\Users\\\\med\\\\Desktop\\\\amazon-clone\\\\amazon-clone\\\\functions\\\\node_modules\\\\firebase-functions\\\\lib\\\\index.js\"}"}}
[debug] [2020-11-28T13:58:56.544Z] [runtime-status] [7124] firebase-admin has been stubbed. {"adminResolution":{"declared":true,"installed":true,"version":"9.4.1","resolution":"C:\\Users\\med\\Desktop\\amazon-clone\\amazon-clone\\functions\\node_modules\\firebase-admin\\lib\\index.js"}} {"metadata":{"emulator":{"name":"functions"},"message":"[runtime-status] [7124] firebase-admin has been stubbed. {\"adminResolution\":{\"declared\":true,\"installed\":true,\"version\":\"9.4.1\",\"resolution\":\"C:\\\\Users\\\\med\\\\Desktop\\\\amazon-clone\\\\amazon-clone\\\\functions\\\\node_modules\\\\firebase-admin\\\\lib\\\\index.js\"}}"}}
[info] +  functions[api]: http function initialized (http://localhost:5001/clone-38107/us-central1/api). {"metadata":{"emulator":{"name":"functions"},"message":"\u001b[1mhttp\u001b[22m function initialized (http://localhost:5001/clone-38107/us-central1/api)."}}
[info] 
┌────────────────────────────────────────────────────────────────┐
│ ✔  All emulators ready! View status and logs at localhost:4000 │
└────────────────────────────────────────────────────────────────┘

┌───────────┬────────────────┬──────────────────────────┐
│ Emulator  │ Host:Port      │ View in Emulator UI      │
├───────────┼────────────────┼──────────────────────────┤
│ Functions │ localhost:5001 │ localhost:4000/functions │
├───────────┼────────────────┼──────────────────────────┤
│ Hosting   │ localhost:5000 │ n/a                      │
└───────────┴────────────────┴──────────────────────────┘
  Other reserved ports: 4400, 4500

Issues? Report them at https://github.com/firebase/firebase-tools/issues and attach the *-debug.log files.
 
[debug] [2020-11-28T13:58:57.029Z] [worker-~diagnostic~-d1457cc9-3d69-46cc-94a1-f91746d869d8]: IDLE {"metadata":{"emulator":{"name":"functions"},"message":"[worker-~diagnostic~-d1457cc9-3d69-46cc-94a1-f91746d869d8]: IDLE"}}
[debug] [2020-11-28T14:02:37.998Z] [work-queue] {"queueLength":1,"workRunningCount":0}
[debug] [2020-11-28T14:02:38.002Z] [work-queue] {"queueLength":0,"workRunningCount":1}
[debug] [2020-11-28T14:02:38.002Z] Accepted request GET /clone-38107/us-central1/api --> api
[debug] [2020-11-28T14:02:38.026Z] [worker-pool] addWorker(api) {"metadata":{"emulator":{"name":"functions"},"message":"[worker-pool] addWorker(api)"}}
[debug] [2020-11-28T14:02:38.026Z] [worker-pool] Adding worker with key api, total=1 {"metadata":{"emulator":{"name":"functions"},"message":"[worker-pool] Adding worker with key api, total=1"}}
[debug] [2020-11-28T14:02:38.026Z] [worker-pool] submitWork(triggerId=api) {"metadata":{"emulator":{"name":"functions"},"message":"[worker-pool] submitWork(triggerId=api)"}}
[debug] [2020-11-28T14:02:38.026Z] [worker-api-1b5202bc-e256-48d8-aeaf-72c4c9274d74]: Assigning socketPath: \\?\pipe\C:\Users\med\Desktop\amazon-clone\amazon-clone\functions\2836 {"metadata":{"emulator":{"name":"functions"},"message":"[worker-api-1b5202bc-e256-48d8-aeaf-72c4c9274d74]: Assigning socketPath: \\\\?\\pipe\\C:\\Users\\med\\Desktop\\amazon-clone\\amazon-clone\\functions\\2836"}}
[debug] [2020-11-28T14:02:38.026Z] [worker-api-1b5202bc-e256-48d8-aeaf-72c4c9274d74]: BUSY {"metadata":{"emulator":{"name":"functions"},"message":"[worker-api-1b5202bc-e256-48d8-aeaf-72c4c9274d74]: BUSY"}}
[debug] [2020-11-28T14:02:39.431Z] [runtime-status] [2836] Functions runtime initialized. {"cwd":"C:\\Users\\med\\Desktop\\amazon-clone\\amazon-clone\\functions","node_version":"14.4.0"} {"metadata":{"emulator":{"name":"functions"},"function":{"name":"api"},"message":"[runtime-status] [2836] Functions runtime initialized. {\"cwd\":\"C:\\\\Users\\\\med\\\\Desktop\\\\amazon-clone\\\\amazon-clone\\\\functions\",\"node_version\":\"14.4.0\"}"}}
[debug] [2020-11-28T14:02:39.435Z] [runtime-status] [2836] Disabled runtime features: undefined {"metadata":{"emulator":{"name":"functions"},"function":{"name":"api"},"message":"[runtime-status] [2836] Disabled runtime features: undefined"}}
[debug] [2020-11-28T14:02:39.442Z] [runtime-status] [2836] Resolved module firebase-admin {"declared":true,"installed":true,"version":"9.4.1","resolution":"C:\\Users\\med\\Desktop\\amazon-clone\\amazon-clone\\functions\\node_modules\\firebase-admin\\lib\\index.js"} {"metadata":{"emulator":{"name":"functions"},"function":{"name":"api"},"message":"[runtime-status] [2836] Resolved module firebase-admin {\"declared\":true,\"installed\":true,\"version\":\"9.4.1\",\"resolution\":\"C:\\\\Users\\\\med\\\\Desktop\\\\amazon-clone\\\\amazon-clone\\\\functions\\\\node_modules\\\\firebase-admin\\\\lib\\\\index.js\"}"}}
[debug] [2020-11-28T14:02:39.446Z] [runtime-status] [2836] Resolved module firebase-functions {"declared":true,"installed":true,"version":"3.11.0","resolution":"C:\\Users\\med\\Desktop\\amazon-clone\\amazon-clone\\functions\\node_modules\\firebase-functions\\lib\\index.js"} {"metadata":{"emulator":{"name":"functions"},"function":{"name":"api"},"message":"[runtime-status] [2836] Resolved module firebase-functions {\"declared\":true,\"installed\":true,\"version\":\"3.11.0\",\"resolution\":\"C:\\\\Users\\\\med\\\\Desktop\\\\amazon-clone\\\\amazon-clone\\\\functions\\\\node_modules\\\\firebase-functions\\\\lib\\\\index.js\"}"}}
[debug] [2020-11-28T14:02:39.450Z] [runtime-status] [2836] Resolved module firebase-functions {"declared":true,"installed":true,"version":"3.11.0","resolution":"C:\\Users\\med\\Desktop\\amazon-clone\\amazon-clone\\functions\\node_modules\\firebase-functions\\lib\\index.js"} {"metadata":{"emulator":{"name":"functions"},"function":{"name":"api"},"message":"[runtime-status] [2836] Resolved module firebase-functions {\"declared\":true,\"installed\":true,\"version\":\"3.11.0\",\"resolution\":\"C:\\\\Users\\\\med\\\\Desktop\\\\amazon-clone\\\\amazon-clone\\\\functions\\\\node_modules\\\\firebase-functions\\\\lib\\\\index.js\"}"}}
[debug] [2020-11-28T14:02:39.454Z] [runtime-status] [2836] Outgoing network have been stubbed. [{"name":"http","status":"mocked"},{"name":"http","status":"mocked"},{"name":"https","status":"mocked"},{"name":"https","status":"mocked"},{"name":"net","status":"mocked"}] {"metadata":{"emulator":{"name":"functions"},"function":{"name":"api"},"message":"[runtime-status] [2836] Outgoing network have been stubbed. [{\"name\":\"http\",\"status\":\"mocked\"},{\"name\":\"http\",\"status\":\"mocked\"},{\"name\":\"https\",\"status\":\"mocked\"},{\"name\":\"https\",\"status\":\"mocked\"},{\"name\":\"net\",\"status\":\"mocked\"}]"}}
[debug] [2020-11-28T14:02:39.458Z] [runtime-status] [2836] Resolved module firebase-functions {"declared":true,"installed":true,"version":"3.11.0","resolution":"C:\\Users\\med\\Desktop\\amazon-clone\\amazon-clone\\functions\\node_modules\\firebase-functions\\lib\\index.js"} {"metadata":{"emulator":{"name":"functions"},"function":{"name":"api"},"message":"[runtime-status] [2836] Resolved module firebase-functions {\"declared\":true,\"installed\":true,\"version\":\"3.11.0\",\"resolution\":\"C:\\\\Users\\\\med\\\\Desktop\\\\amazon-clone\\\\amazon-clone\\\\functions\\\\node_modules\\\\firebase-functions\\\\lib\\\\index.js\"}"}}
[debug] [2020-11-28T14:02:39.567Z] [runtime-status] [2836] Checked functions.config() {"config":{}} {"metadata":{"emulator":{"name":"functions"},"function":{"name":"api"},"message":"[runtime-status] [2836] Checked functions.config() {\"config\":{}}"}}
[debug] [2020-11-28T14:02:39.570Z] [runtime-status] [2836] firebase-functions has been stubbed. {"functionsResolution":{"declared":true,"installed":true,"version":"3.11.0","resolution":"C:\\Users\\med\\Desktop\\amazon-clone\\amazon-clone\\functions\\node_modules\\firebase-functions\\lib\\index.js"}} {"metadata":{"emulator":{"name":"functions"},"function":{"name":"api"},"message":"[runtime-status] [2836] firebase-functions has been stubbed. {\"functionsResolution\":{\"declared\":true,\"installed\":true,\"version\":\"3.11.0\",\"resolution\":\"C:\\\\Users\\\\med\\\\Desktop\\\\amazon-clone\\\\amazon-clone\\\\functions\\\\node_modules\\\\firebase-functions\\\\lib\\\\index.js\"}}"}}
[debug] [2020-11-28T14:02:39.570Z] [runtime-status] [2836] Resolved module firebase-functions {"declared":true,"installed":true,"version":"3.11.0","resolution":"C:\\Users\\med\\Desktop\\amazon-clone\\amazon-clone\\functions\\node_modules\\firebase-functions\\lib\\index.js"} {"metadata":{"emulator":{"name":"functions"},"function":{"name":"api"},"message":"[runtime-status] [2836] Resolved module firebase-functions {\"declared\":true,\"installed\":true,\"version\":\"3.11.0\",\"resolution\":\"C:\\\\Users\\\\med\\\\Desktop\\\\amazon-clone\\\\amazon-clone\\\\functions\\\\node_modules\\\\firebase-functions\\\\lib\\\\index.js\"}"}}
[debug] [2020-11-28T14:02:39.573Z] [runtime-status] [2836] Resolved module firebase-admin {"declared":true,"installed":true,"version":"9.4.1","resolution":"C:\\Users\\med\\Desktop\\amazon-clone\\amazon-clone\\functions\\node_modules\\firebase-admin\\lib\\index.js"} {"metadata":{"emulator":{"name":"functions"},"function":{"name":"api"},"message":"[runtime-status] [2836] Resolved module firebase-admin {\"declared\":true,\"installed\":true,\"version\":\"9.4.1\",\"resolution\":\"C:\\\\Users\\\\med\\\\Desktop\\\\amazon-clone\\\\amazon-clone\\\\functions\\\\node_modules\\\\firebase-admin\\\\lib\\\\index.js\"}"}}
[debug] [2020-11-28T14:02:39.573Z] [runtime-status] [2836] Resolved module firebase-functions {"declared":true,"installed":true,"version":"3.11.0","resolution":"C:\\Users\\med\\Desktop\\amazon-clone\\amazon-clone\\functions\\node_modules\\firebase-functions\\lib\\index.js"} {"metadata":{"emulator":{"name":"functions"},"function":{"name":"api"},"message":"[runtime-status] [2836] Resolved module firebase-functions {\"declared\":true,\"installed\":true,\"version\":\"3.11.0\",\"resolution\":\"C:\\\\Users\\\\med\\\\Desktop\\\\amazon-clone\\\\amazon-clone\\\\functions\\\\node_modules\\\\firebase-functions\\\\lib\\\\index.js\"}"}}
[debug] [2020-11-28T14:02:39.573Z] [runtime-status] [2836] firebase-admin has been stubbed. {"adminResolution":{"declared":true,"installed":true,"version":"9.4.1","resolution":"C:\\Users\\med\\Desktop\\amazon-clone\\amazon-clone\\functions\\node_modules\\firebase-admin\\lib\\index.js"}} {"metadata":{"emulator":{"name":"functions"},"function":{"name":"api"},"message":"[runtime-status] [2836] firebase-admin has been stubbed. {\"adminResolution\":{\"declared\":true,\"installed\":true,\"version\":\"9.4.1\",\"resolution\":\"C:\\\\Users\\\\med\\\\Desktop\\\\amazon-clone\\\\amazon-clone\\\\functions\\\\node_modules\\\\firebase-admin\\\\lib\\\\index.js\"}}"}}
[debug] [2020-11-28T14:02:40.074Z] [runtime-status] [2836] Trigger "api" has been found, beginning invocation! {"metadata":{"emulator":{"name":"functions"},"function":{"name":"api"},"message":"[runtime-status] [2836] Trigger \"api\" has been found, beginning invocation!"}}
[info] i  functions: Beginning execution of "api" {"metadata":{"emulator":{"name":"functions"},"function":{"name":"api"},"message":"Beginning execution of \"api\""}}
[debug] [2020-11-28T14:02:40.078Z] [runtime-status] [2836] triggerDefinition {"httpsTrigger":{},"name":"api","entryPoint":"api"} {"metadata":{"emulator":{"name":"functions"},"function":{"name":"api"},"message":"[runtime-status] [2836] triggerDefinition {\"httpsTrigger\":{},\"name\":\"api\",\"entryPoint\":\"api\"}"}}
[debug] [2020-11-28T14:02:40.078Z] [runtime-status] [2836] Running api in mode HTTPS {"metadata":{"emulator":{"name":"functions"},"function":{"name":"api"},"message":"[runtime-status] [2836] Running api in mode HTTPS"}}
[debug] [2020-11-28T14:02:40.102Z] [runtime-status] [2836] Attempting to listen to socketPath: \\?\pipe\C:\Users\med\Desktop\amazon-clone\amazon-clone\functions\2836 {"metadata":{"emulator":{"name":"functions"},"function":{"name":"api"},"message":"[runtime-status] [2836] Attempting to listen to socketPath: \\\\?\\pipe\\C:\\Users\\med\\Desktop\\amazon-clone\\amazon-clone\\functions\\2836"}}
[debug] [2020-11-28T14:02:40.116Z] [functions] Runtime ready! Sending request! {"metadata":{"emulator":{"name":"functions"},"message":"[functions] Runtime ready! Sending request!"}}
[debug] [2020-11-28T14:02:40.130Z] [runtime-status] [2836] Ephemeral server handling GET request {"metadata":{"emulator":{"name":"functions"},"function":{"name":"api"},"message":"[runtime-status] [2836] Ephemeral server handling GET request"}}
[debug] [2020-11-28T14:02:40.140Z] [runtime-status] [2836] Ephemeral server survived. {"metadata":{"emulator":{"name":"functions"},"function":{"name":"api"},"message":"[runtime-status] [2836] Ephemeral server survived."}}
[info] i  functions: Finished "api" in ~1s {"metadata":{"emulator":{"name":"functions"},"function":{"name":"api"},"message":"Finished \"api\" in ~1s"}}
[debug] [2020-11-28T14:02:40.151Z] [worker-api-1b5202bc-e256-48d8-aeaf-72c4c9274d74]: IDLE {"metadata":{"emulator":{"name":"functions"},"message":"[worker-api-1b5202bc-e256-48d8-aeaf-72c4c9274d74]: IDLE"}}
[debug] [2020-11-28T14:02:40.151Z] [work-queue] {"queueLength":0,"workRunningCount":0}
[debug] [2020-11-28T14:02:40.259Z] Functions emulator received unknown request at path /favicon.ico
[debug] [2020-11-28T14:06:35.901Z] File C:\Users\med\Desktop\amazon-clone\amazon-clone\functions\index.js changed, reloading triggers {"metadata":{"emulator":{"name":"functions"},"message":"File C:\\Users\\med\\Desktop\\amazon-clone\\amazon-clone\\functions\\index.js changed, reloading triggers"}}
[debug] [2020-11-28T14:06:36.906Z] [worker-pool] Shutting down IDLE worker (~diagnostic~) {"metadata":{"emulator":{"name":"functions"},"message":"[worker-pool] Shutting down IDLE worker (~diagnostic~)"}}
[debug] [2020-11-28T14:06:36.906Z] [worker-~diagnostic~-d1457cc9-3d69-46cc-94a1-f91746d869d8]: FINISHING {"metadata":{"emulator":{"name":"functions"},"message":"[worker-~diagnostic~-d1457cc9-3d69-46cc-94a1-f91746d869d8]: FINISHING"}}
[debug] [2020-11-28T14:06:36.906Z] [worker-pool] Shutting down IDLE worker (api) {"metadata":{"emulator":{"name":"functions"},"message":"[worker-pool] Shutting down IDLE worker (api)"}}
[debug] [2020-11-28T14:06:36.906Z] [worker-api-1b5202bc-e256-48d8-aeaf-72c4c9274d74]: FINISHING {"metadata":{"emulator":{"name":"functions"},"message":"[worker-api-1b5202bc-e256-48d8-aeaf-72c4c9274d74]: FINISHING"}}
[debug] [2020-11-28T14:06:36.930Z] [worker-pool] addWorker(~diagnostic~) {"metadata":{"emulator":{"name":"functions"},"message":"[worker-pool] addWorker(~diagnostic~)"}}
[debug] [2020-11-28T14:06:36.930Z] [worker-pool] Adding worker with key ~diagnostic~, total=2 {"metadata":{"emulator":{"name":"functions"},"message":"[worker-pool] Adding worker with key ~diagnostic~, total=2"}}
[debug] [2020-11-28T14:06:36.930Z] [worker-pool] submitWork(triggerId=) {"metadata":{"emulator":{"name":"functions"},"message":"[worker-pool] submitWork(triggerId=)"}}
[debug] [2020-11-28T14:06:36.930Z] [worker-~diagnostic~-25643f23-4dd0-42e1-ad19-7f6ffc9f3533]: Assigning socketPath: \\?\pipe\C:\Users\med\Desktop\amazon-clone\amazon-clone\functions\9144 {"metadata":{"emulator":{"name":"functions"},"message":"[worker-~diagnostic~-25643f23-4dd0-42e1-ad19-7f6ffc9f3533]: Assigning socketPath: \\\\?\\pipe\\C:\\Users\\med\\Desktop\\amazon-clone\\amazon-clone\\functions\\9144"}}
[debug] [2020-11-28T14:06:36.930Z] [worker-~diagnostic~-25643f23-4dd0-42e1-ad19-7f6ffc9f3533]: BUSY {"metadata":{"emulator":{"name":"functions"},"message":"[worker-~diagnostic~-25643f23-4dd0-42e1-ad19-7f6ffc9f3533]: BUSY"}}
[debug] [2020-11-28T14:06:36.934Z] [worker-api-1b5202bc-e256-48d8-aeaf-72c4c9274d74]: exited {"metadata":{"emulator":{"name":"functions"},"message":"[worker-api-1b5202bc-e256-48d8-aeaf-72c4c9274d74]: exited"}}
[debug] [2020-11-28T14:06:36.938Z] [worker-api-1b5202bc-e256-48d8-aeaf-72c4c9274d74]: FINISHED {"metadata":{"emulator":{"name":"functions"},"message":"[worker-api-1b5202bc-e256-48d8-aeaf-72c4c9274d74]: FINISHED"}}
[debug] [2020-11-28T14:06:36.938Z] [worker-~diagnostic~-d1457cc9-3d69-46cc-94a1-f91746d869d8]: exited {"metadata":{"emulator":{"name":"functions"},"message":"[worker-~diagnostic~-d1457cc9-3d69-46cc-94a1-f91746d869d8]: exited"}}
[debug] [2020-11-28T14:06:36.938Z] [worker-~diagnostic~-d1457cc9-3d69-46cc-94a1-f91746d869d8]: FINISHED {"metadata":{"emulator":{"name":"functions"},"message":"[worker-~diagnostic~-d1457cc9-3d69-46cc-94a1-f91746d869d8]: FINISHED"}}
[debug] [2020-11-28T14:06:38.274Z] [runtime-status] [9144] Functions runtime initialized. {"cwd":"C:\\Users\\med\\Desktop\\amazon-clone\\amazon-clone\\functions","node_version":"14.4.0"} {"metadata":{"emulator":{"name":"functions"},"message":"[runtime-status] [9144] Functions runtime initialized. {\"cwd\":\"C:\\\\Users\\\\med\\\\Desktop\\\\amazon-clone\\\\amazon-clone\\\\functions\",\"node_version\":\"14.4.0\"}"}}
[debug] [2020-11-28T14:06:38.274Z] [runtime-status] [9144] Disabled runtime features: undefined {"metadata":{"emulator":{"name":"functions"},"message":"[runtime-status] [9144] Disabled runtime features: undefined"}}
[debug] [2020-11-28T14:06:38.274Z] [runtime-status] [9144] Resolved module firebase-admin {"declared":true,"installed":true,"version":"9.4.1","resolution":"C:\\Users\\med\\Desktop\\amazon-clone\\amazon-clone\\functions\\node_modules\\firebase-admin\\lib\\index.js"} {"metadata":{"emulator":{"name":"functions"},"message":"[runtime-status] [9144] Resolved module firebase-admin {\"declared\":true,\"installed\":true,\"version\":\"9.4.1\",\"resolution\":\"C:\\\\Users\\\\med\\\\Desktop\\\\amazon-clone\\\\amazon-clone\\\\functions\\\\node_modules\\\\firebase-admin\\\\lib\\\\index.js\"}"}}
[debug] [2020-11-28T14:06:38.290Z] [runtime-status] [9144] Resolved module firebase-functions {"declared":true,"installed":true,"version":"3.11.0","resolution":"C:\\Users\\med\\Desktop\\amazon-clone\\amazon-clone\\functions\\node_modules\\firebase-functions\\lib\\index.js"} {"metadata":{"emulator":{"name":"functions"},"message":"[runtime-status] [9144] Resolved module firebase-functions {\"declared\":true,\"installed\":true,\"version\":\"3.11.0\",\"resolution\":\"C:\\\\Users\\\\med\\\\Desktop\\\\amazon-clone\\\\amazon-clone\\\\functions\\\\node_modules\\\\firebase-functions\\\\lib\\\\index.js\"}"}}
[debug] [2020-11-28T14:06:38.290Z] [runtime-status] [9144] Resolved module firebase-functions {"declared":true,"installed":true,"version":"3.11.0","resolution":"C:\\Users\\med\\Desktop\\amazon-clone\\amazon-clone\\functions\\node_modules\\firebase-functions\\lib\\index.js"} {"metadata":{"emulator":{"name":"functions"},"message":"[runtime-status] [9144] Resolved module firebase-functions {\"declared\":true,\"installed\":true,\"version\":\"3.11.0\",\"resolution\":\"C:\\\\Users\\\\med\\\\Desktop\\\\amazon-clone\\\\amazon-clone\\\\functions\\\\node_modules\\\\firebase-functions\\\\lib\\\\index.js\"}"}}
[debug] [2020-11-28T14:06:38.290Z] [runtime-status] [9144] Outgoing network have been stubbed. [{"name":"http","status":"mocked"},{"name":"http","status":"mocked"},{"name":"https","status":"mocked"},{"name":"https","status":"mocked"},{"name":"net","status":"mocked"}] {"metadata":{"emulator":{"name":"functions"},"message":"[runtime-status] [9144] Outgoing network have been stubbed. [{\"name\":\"http\",\"status\":\"mocked\"},{\"name\":\"http\",\"status\":\"mocked\"},{\"name\":\"https\",\"status\":\"mocked\"},{\"name\":\"https\",\"status\":\"mocked\"},{\"name\":\"net\",\"status\":\"mocked\"}]"}}
[debug] [2020-11-28T14:06:38.290Z] [runtime-status] [9144] Resolved module firebase-functions {"declared":true,"installed":true,"version":"3.11.0","resolution":"C:\\Users\\med\\Desktop\\amazon-clone\\amazon-clone\\functions\\node_modules\\firebase-functions\\lib\\index.js"} {"metadata":{"emulator":{"name":"functions"},"message":"[runtime-status] [9144] Resolved module firebase-functions {\"declared\":true,\"installed\":true,\"version\":\"3.11.0\",\"resolution\":\"C:\\\\Users\\\\med\\\\Desktop\\\\amazon-clone\\\\amazon-clone\\\\functions\\\\node_modules\\\\firebase-functions\\\\lib\\\\index.js\"}"}}
[debug] [2020-11-28T14:06:38.435Z] [runtime-status] [9144] Checked functions.config() {"config":{}} {"metadata":{"emulator":{"name":"functions"},"message":"[runtime-status] [9144] Checked functions.config() {\"config\":{}}"}}
[debug] [2020-11-28T14:06:38.435Z] [runtime-status] [9144] firebase-functions has been stubbed. {"functionsResolution":{"declared":true,"installed":true,"version":"3.11.0","resolution":"C:\\Users\\med\\Desktop\\amazon-clone\\amazon-clone\\functions\\node_modules\\firebase-functions\\lib\\index.js"}} {"metadata":{"emulator":{"name":"functions"},"message":"[runtime-status] [9144] firebase-functions has been stubbed. {\"functionsResolution\":{\"declared\":true,\"installed\":true,\"version\":\"3.11.0\",\"resolution\":\"C:\\\\Users\\\\med\\\\Desktop\\\\amazon-clone\\\\amazon-clone\\\\functions\\\\node_modules\\\\firebase-functions\\\\lib\\\\index.js\"}}"}}
[debug] [2020-11-28T14:06:38.435Z] [runtime-status] [9144] Resolved module firebase-functions {"declared":true,"installed":true,"version":"3.11.0","resolution":"C:\\Users\\med\\Desktop\\amazon-clone\\amazon-clone\\functions\\node_modules\\firebase-functions\\lib\\index.js"} {"metadata":{"emulator":{"name":"functions"},"message":"[runtime-status] [9144] Resolved module firebase-functions {\"declared\":true,\"installed\":true,\"version\":\"3.11.0\",\"resolution\":\"C:\\\\Users\\\\med\\\\Desktop\\\\amazon-clone\\\\amazon-clone\\\\functions\\\\node_modules\\\\firebase-functions\\\\lib\\\\index.js\"}"}}
[debug] [2020-11-28T14:06:38.435Z] [runtime-status] [9144] Resolved module firebase-admin {"declared":true,"installed":true,"version":"9.4.1","resolution":"C:\\Users\\med\\Desktop\\amazon-clone\\amazon-clone\\functions\\node_modules\\firebase-admin\\lib\\index.js"} {"metadata":{"emulator":{"name":"functions"},"message":"[runtime-status] [9144] Resolved module firebase-admin {\"declared\":true,\"installed\":true,\"version\":\"9.4.1\",\"resolution\":\"C:\\\\Users\\\\med\\\\Desktop\\\\amazon-clone\\\\amazon-clone\\\\functions\\\\node_modules\\\\firebase-admin\\\\lib\\\\index.js\"}"}}
[debug] [2020-11-28T14:06:38.443Z] [runtime-status] [9144] Resolved module firebase-functions {"declared":true,"installed":true,"version":"3.11.0","resolution":"C:\\Users\\med\\Desktop\\amazon-clone\\amazon-clone\\functions\\node_modules\\firebase-functions\\lib\\index.js"} {"metadata":{"emulator":{"name":"functions"},"message":"[runtime-status] [9144] Resolved module firebase-functions {\"declared\":true,\"installed\":true,\"version\":\"3.11.0\",\"resolution\":\"C:\\\\Users\\\\med\\\\Desktop\\\\amazon-clone\\\\amazon-clone\\\\functions\\\\node_modules\\\\firebase-functions\\\\lib\\\\index.js\"}"}}
[debug] [2020-11-28T14:06:38.443Z] [runtime-status] [9144] firebase-admin has been stubbed. {"adminResolution":{"declared":true,"installed":true,"version":"9.4.1","resolution":"C:\\Users\\med\\Desktop\\amazon-clone\\amazon-clone\\functions\\node_modules\\firebase-admin\\lib\\index.js"}} {"metadata":{"emulator":{"name":"functions"},"message":"[runtime-status] [9144] firebase-admin has been stubbed. {\"adminResolution\":{\"declared\":true,\"installed\":true,\"version\":\"9.4.1\",\"resolution\":\"C:\\\\Users\\\\med\\\\Desktop\\\\amazon-clone\\\\amazon-clone\\\\functions\\\\node_modules\\\\firebase-admin\\\\lib\\\\index.js\"}}"}}
[debug] [2020-11-28T14:06:38.944Z] [worker-~diagnostic~-25643f23-4dd0-42e1-ad19-7f6ffc9f3533]: IDLE {"metadata":{"emulator":{"name":"functions"},"message":"[worker-~diagnostic~-25643f23-4dd0-42e1-ad19-7f6ffc9f3533]: IDLE"}}
[debug] [2020-11-28T14:13:42.922Z] File C:\Users\med\Desktop\amazon-clone\amazon-clone\functions\index.js changed, reloading triggers {"metadata":{"emulator":{"name":"functions"},"message":"File C:\\Users\\med\\Desktop\\amazon-clone\\amazon-clone\\functions\\index.js changed, reloading triggers"}}
[debug] [2020-11-28T14:13:43.932Z] [worker-pool] Shutting down IDLE worker (~diagnostic~) {"metadata":{"emulator":{"name":"functions"},"message":"[worker-pool] Shutting down IDLE worker (~diagnostic~)"}}
[debug] [2020-11-28T14:13:43.932Z] [worker-~diagnostic~-25643f23-4dd0-42e1-ad19-7f6ffc9f3533]: FINISHING {"metadata":{"emulator":{"name":"functions"},"message":"[worker-~diagnostic~-25643f23-4dd0-42e1-ad19-7f6ffc9f3533]: FINISHING"}}
[debug] [2020-11-28T14:13:43.932Z] [worker-pool] Cleaned up workers for ~diagnostic~: 2 --> 1 {"metadata":{"emulator":{"name":"functions"},"message":"[worker-pool] Cleaned up workers for ~diagnostic~: 2 --> 1"}}
[debug] [2020-11-28T14:13:43.932Z] [worker-pool] Cleaned up workers for api: 1 --> 0 {"metadata":{"emulator":{"name":"functions"},"message":"[worker-pool] Cleaned up workers for api: 1 --> 0"}}
[debug] [2020-11-28T14:13:43.952Z] [worker-pool] addWorker(~diagnostic~) {"metadata":{"emulator":{"name":"functions"},"message":"[worker-pool] addWorker(~diagnostic~)"}}
[debug] [2020-11-28T14:13:43.952Z] [worker-pool] Adding worker with key ~diagnostic~, total=2 {"metadata":{"emulator":{"name":"functions"},"message":"[worker-pool] Adding worker with key ~diagnostic~, total=2"}}
[debug] [2020-11-28T14:13:43.952Z] [worker-pool] submitWork(triggerId=) {"metadata":{"emulator":{"name":"functions"},"message":"[worker-pool] submitWork(triggerId=)"}}
[debug] [2020-11-28T14:13:43.952Z] [worker-~diagnostic~-adeffe1f-80ef-4c2e-bc6b-779f99abac13]: Assigning socketPath: \\?\pipe\C:\Users\med\Desktop\amazon-clone\amazon-clone\functions\2296 {"metadata":{"emulator":{"name":"functions"},"message":"[worker-~diagnostic~-adeffe1f-80ef-4c2e-bc6b-779f99abac13]: Assigning socketPath: \\\\?\\pipe\\C:\\Users\\med\\Desktop\\amazon-clone\\amazon-clone\\functions\\2296"}}
[debug] [2020-11-28T14:13:43.952Z] [worker-~diagnostic~-adeffe1f-80ef-4c2e-bc6b-779f99abac13]: BUSY {"metadata":{"emulator":{"name":"functions"},"message":"[worker-~diagnostic~-adeffe1f-80ef-4c2e-bc6b-779f99abac13]: BUSY"}}
[debug] [2020-11-28T14:13:43.952Z] [worker-~diagnostic~-25643f23-4dd0-42e1-ad19-7f6ffc9f3533]: exited {"metadata":{"emulator":{"name":"functions"},"message":"[worker-~diagnostic~-25643f23-4dd0-42e1-ad19-7f6ffc9f3533]: exited"}}
[debug] [2020-11-28T14:13:43.956Z] [worker-~diagnostic~-25643f23-4dd0-42e1-ad19-7f6ffc9f3533]: FINISHED {"metadata":{"emulator":{"name":"functions"},"message":"[worker-~diagnostic~-25643f23-4dd0-42e1-ad19-7f6ffc9f3533]: FINISHED"}}
[debug] [2020-11-28T14:13:45.381Z] [runtime-status] [2296] Functions runtime initialized. {"cwd":"C:\\Users\\med\\Desktop\\amazon-clone\\amazon-clone\\functions","node_version":"14.4.0"} {"metadata":{"emulator":{"name":"functions"},"message":"[runtime-status] [2296] Functions runtime initialized. {\"cwd\":\"C:\\\\Users\\\\med\\\\Desktop\\\\amazon-clone\\\\amazon-clone\\\\functions\",\"node_version\":\"14.4.0\"}"}}
[debug] [2020-11-28T14:13:45.396Z] [runtime-status] [2296] Disabled runtime features: undefined {"metadata":{"emulator":{"name":"functions"},"message":"[runtime-status] [2296] Disabled runtime features: undefined"}}
[debug] [2020-11-28T14:13:45.396Z] [runtime-status] [2296] Resolved module firebase-admin {"declared":true,"installed":true,"version":"9.4.1","resolution":"C:\\Users\\med\\Desktop\\amazon-clone\\amazon-clone\\functions\\node_modules\\firebase-admin\\lib\\index.js"} {"metadata":{"emulator":{"name":"functions"},"message":"[runtime-status] [2296] Resolved module firebase-admin {\"declared\":true,\"installed\":true,\"version\":\"9.4.1\",\"resolution\":\"C:\\\\Users\\\\med\\\\Desktop\\\\amazon-clone\\\\amazon-clone\\\\functions\\\\node_modules\\\\firebase-admin\\\\lib\\\\index.js\"}"}}
[debug] [2020-11-28T14:13:45.396Z] [runtime-status] [2296] Resolved module firebase-functions {"declared":true,"installed":true,"version":"3.11.0","resolution":"C:\\Users\\med\\Desktop\\amazon-clone\\amazon-clone\\functions\\node_modules\\firebase-functions\\lib\\index.js"} {"metadata":{"emulator":{"name":"functions"},"message":"[runtime-status] [2296] Resolved module firebase-functions {\"declared\":true,\"installed\":true,\"version\":\"3.11.0\",\"resolution\":\"C:\\\\Users\\\\med\\\\Desktop\\\\amazon-clone\\\\amazon-clone\\\\functions\\\\node_modules\\\\firebase-functions\\\\lib\\\\index.js\"}"}}
[debug] [2020-11-28T14:13:45.412Z] [runtime-status] [2296] Resolved module firebase-functions {"declared":true,"installed":true,"version":"3.11.0","resolution":"C:\\Users\\med\\Desktop\\amazon-clone\\amazon-clone\\functions\\node_modules\\firebase-functions\\lib\\index.js"} {"metadata":{"emulator":{"name":"functions"},"message":"[runtime-status] [2296] Resolved module firebase-functions {\"declared\":true,\"installed\":true,\"version\":\"3.11.0\",\"resolution\":\"C:\\\\Users\\\\med\\\\Desktop\\\\amazon-clone\\\\amazon-clone\\\\functions\\\\node_modules\\\\firebase-functions\\\\lib\\\\index.js\"}"}}
[debug] [2020-11-28T14:13:45.412Z] [runtime-status] [2296] Outgoing network have been stubbed. [{"name":"http","status":"mocked"},{"name":"http","status":"mocked"},{"name":"https","status":"mocked"},{"name":"https","status":"mocked"},{"name":"net","status":"mocked"}] {"metadata":{"emulator":{"name":"functions"},"message":"[runtime-status] [2296] Outgoing network have been stubbed. [{\"name\":\"http\",\"status\":\"mocked\"},{\"name\":\"http\",\"status\":\"mocked\"},{\"name\":\"https\",\"status\":\"mocked\"},{\"name\":\"https\",\"status\":\"mocked\"},{\"name\":\"net\",\"status\":\"mocked\"}]"}}
[debug] [2020-11-28T14:13:45.412Z] [runtime-status] [2296] Resolved module firebase-functions {"declared":true,"installed":true,"version":"3.11.0","resolution":"C:\\Users\\med\\Desktop\\amazon-clone\\amazon-clone\\functions\\node_modules\\firebase-functions\\lib\\index.js"} {"metadata":{"emulator":{"name":"functions"},"message":"[runtime-status] [2296] Resolved module firebase-functions {\"declared\":true,\"installed\":true,\"version\":\"3.11.0\",\"resolution\":\"C:\\\\Users\\\\med\\\\Desktop\\\\amazon-clone\\\\amazon-clone\\\\functions\\\\node_modules\\\\firebase-functions\\\\lib\\\\index.js\"}"}}
[debug] [2020-11-28T14:13:45.564Z] [runtime-status] [2296] Checked functions.config() {"config":{}} {"metadata":{"emulator":{"name":"functions"},"message":"[runtime-status] [2296] Checked functions.config() {\"config\":{}}"}}
[debug] [2020-11-28T14:13:45.564Z] [runtime-status] [2296] firebase-functions has been stubbed. {"functionsResolution":{"declared":true,"installed":true,"version":"3.11.0","resolution":"C:\\Users\\med\\Desktop\\amazon-clone\\amazon-clone\\functions\\node_modules\\firebase-functions\\lib\\index.js"}} {"metadata":{"emulator":{"name":"functions"},"message":"[runtime-status] [2296] firebase-functions has been stubbed. {\"functionsResolution\":{\"declared\":true,\"installed\":true,\"version\":\"3.11.0\",\"resolution\":\"C:\\\\Users\\\\med\\\\Desktop\\\\amazon-clone\\\\amazon-clone\\\\functions\\\\node_modules\\\\firebase-functions\\\\lib\\\\index.js\"}}"}}
[debug] [2020-11-28T14:13:45.564Z] [runtime-status] [2296] Resolved module firebase-functions {"declared":true,"installed":true,"version":"3.11.0","resolution":"C:\\Users\\med\\Desktop\\amazon-clone\\amazon-clone\\functions\\node_modules\\firebase-functions\\lib\\index.js"} {"metadata":{"emulator":{"name":"functions"},"message":"[runtime-status] [2296] Resolved module firebase-functions {\"declared\":true,\"installed\":true,\"version\":\"3.11.0\",\"resolution\":\"C:\\\\Users\\\\med\\\\Desktop\\\\amazon-clone\\\\amazon-clone\\\\functions\\\\node_modules\\\\firebase-functions\\\\lib\\\\index.js\"}"}}
[debug] [2020-11-28T14:13:45.579Z] [runtime-status] [2296] Resolved module firebase-admin {"declared":true,"installed":true,"version":"9.4.1","resolution":"C:\\Users\\med\\Desktop\\amazon-clone\\amazon-clone\\functions\\node_modules\\firebase-admin\\lib\\index.js"} {"metadata":{"emulator":{"name":"functions"},"message":"[runtime-status] [2296] Resolved module firebase-admin {\"declared\":true,\"installed\":true,\"version\":\"9.4.1\",\"resolution\":\"C:\\\\Users\\\\med\\\\Desktop\\\\amazon-clone\\\\amazon-clone\\\\functions\\\\node_modules\\\\firebase-admin\\\\lib\\\\index.js\"}"}}
[debug] [2020-11-28T14:13:45.579Z] [runtime-status] [2296] Resolved module firebase-functions {"declared":true,"installed":true,"version":"3.11.0","resolution":"C:\\Users\\med\\Desktop\\amazon-clone\\amazon-clone\\functions\\node_modules\\firebase-functions\\lib\\index.js"} {"metadata":{"emulator":{"name":"functions"},"message":"[runtime-status] [2296] Resolved module firebase-functions {\"declared\":true,\"installed\":true,\"version\":\"3.11.0\",\"resolution\":\"C:\\\\Users\\\\med\\\\Desktop\\\\amazon-clone\\\\amazon-clone\\\\functions\\\\node_modules\\\\firebase-functions\\\\lib\\\\index.js\"}"}}
[debug] [2020-11-28T14:13:45.579Z] [runtime-status] [2296] firebase-admin has been stubbed. {"adminResolution":{"declared":true,"installed":true,"version":"9.4.1","resolution":"C:\\Users\\med\\Desktop\\amazon-clone\\amazon-clone\\functions\\node_modules\\firebase-admin\\lib\\index.js"}} {"metadata":{"emulator":{"name":"functions"},"message":"[runtime-status] [2296] firebase-admin has been stubbed. {\"adminResolution\":{\"declared\":true,\"installed\":true,\"version\":\"9.4.1\",\"resolution\":\"C:\\\\Users\\\\med\\\\Desktop\\\\amazon-clone\\\\amazon-clone\\\\functions\\\\node_modules\\\\firebase-admin\\\\lib\\\\index.js\"}}"}}
[debug] [2020-11-28T14:13:46.219Z] [worker-~diagnostic~-adeffe1f-80ef-4c2e-bc6b-779f99abac13]: IDLE {"metadata":{"emulator":{"name":"functions"},"message":"[worker-~diagnostic~-adeffe1f-80ef-4c2e-bc6b-779f99abac13]: IDLE"}}
[debug] [2020-11-28T14:18:28.689Z] File C:\Users\med\Desktop\amazon-clone\amazon-clone\functions\index.js changed, reloading triggers {"metadata":{"emulator":{"name":"functions"},"message":"File C:\\Users\\med\\Desktop\\amazon-clone\\amazon-clone\\functions\\index.js changed, reloading triggers"}}
[debug] [2020-11-28T14:18:29.692Z] [worker-pool] Shutting down IDLE worker (~diagnostic~) {"metadata":{"emulator":{"name":"functions"},"message":"[worker-pool] Shutting down IDLE worker (~diagnostic~)"}}
[debug] [2020-11-28T14:18:29.692Z] [worker-~diagnostic~-adeffe1f-80ef-4c2e-bc6b-779f99abac13]: FINISHING {"metadata":{"emulator":{"name":"functions"},"message":"[worker-~diagnostic~-adeffe1f-80ef-4c2e-bc6b-779f99abac13]: FINISHING"}}
[debug] [2020-11-28T14:18:29.696Z] [worker-pool] Cleaned up workers for ~diagnostic~: 2 --> 1 {"metadata":{"emulator":{"name":"functions"},"message":"[worker-pool] Cleaned up workers for ~diagnostic~: 2 --> 1"}}
[debug] [2020-11-28T14:18:29.726Z] [worker-pool] addWorker(~diagnostic~) {"metadata":{"emulator":{"name":"functions"},"message":"[worker-pool] addWorker(~diagnostic~)"}}
[debug] [2020-11-28T14:18:29.726Z] [worker-pool] Adding worker with key ~diagnostic~, total=2 {"metadata":{"emulator":{"name":"functions"},"message":"[worker-pool] Adding worker with key ~diagnostic~, total=2"}}
[debug] [2020-11-28T14:18:29.726Z] [worker-pool] submitWork(triggerId=) {"metadata":{"emulator":{"name":"functions"},"message":"[worker-pool] submitWork(triggerId=)"}}
[debug] [2020-11-28T14:18:29.726Z] [worker-~diagnostic~-92cfbc5e-37bc-4f54-b7b3-9cf200f1b247]: Assigning socketPath: \\?\pipe\C:\Users\med\Desktop\amazon-clone\amazon-clone\functions\9720 {"metadata":{"emulator":{"name":"functions"},"message":"[worker-~diagnostic~-92cfbc5e-37bc-4f54-b7b3-9cf200f1b247]: Assigning socketPath: \\\\?\\pipe\\C:\\Users\\med\\Desktop\\amazon-clone\\amazon-clone\\functions\\9720"}}
[debug] [2020-11-28T14:18:29.726Z] [worker-~diagnostic~-92cfbc5e-37bc-4f54-b7b3-9cf200f1b247]: BUSY {"metadata":{"emulator":{"name":"functions"},"message":"[worker-~diagnostic~-92cfbc5e-37bc-4f54-b7b3-9cf200f1b247]: BUSY"}}
[debug] [2020-11-28T14:18:29.726Z] [worker-~diagnostic~-adeffe1f-80ef-4c2e-bc6b-779f99abac13]: exited {"metadata":{"emulator":{"name":"functions"},"message":"[worker-~diagnostic~-adeffe1f-80ef-4c2e-bc6b-779f99abac13]: exited"}}
[debug] [2020-11-28T14:18:29.726Z] [worker-~diagnostic~-adeffe1f-80ef-4c2e-bc6b-779f99abac13]: FINISHED {"metadata":{"emulator":{"name":"functions"},"message":"[worker-~diagnostic~-adeffe1f-80ef-4c2e-bc6b-779f99abac13]: FINISHED"}}
[debug] [2020-11-28T14:18:31.037Z] [runtime-status] [9720] Functions runtime initialized. {"cwd":"C:\\Users\\med\\Desktop\\amazon-clone\\amazon-clone\\functions","node_version":"14.4.0"} {"metadata":{"emulator":{"name":"functions"},"message":"[runtime-status] [9720] Functions runtime initialized. {\"cwd\":\"C:\\\\Users\\\\med\\\\Desktop\\\\amazon-clone\\\\amazon-clone\\\\functions\",\"node_version\":\"14.4.0\"}"}}
[debug] [2020-11-28T14:18:31.037Z] [runtime-status] [9720] Disabled runtime features: undefined {"metadata":{"emulator":{"name":"functions"},"message":"[runtime-status] [9720] Disabled runtime features: undefined"}}
[debug] [2020-11-28T14:18:31.045Z] [runtime-status] [9720] Resolved module firebase-admin {"declared":true,"installed":true,"version":"9.4.1","resolution":"C:\\Users\\med\\Desktop\\amazon-clone\\amazon-clone\\functions\\node_modules\\firebase-admin\\lib\\index.js"} {"metadata":{"emulator":{"name":"functions"},"message":"[runtime-status] [9720] Resolved module firebase-admin {\"declared\":true,\"installed\":true,\"version\":\"9.4.1\",\"resolution\":\"C:\\\\Users\\\\med\\\\Desktop\\\\amazon-clone\\\\amazon-clone\\\\functions\\\\node_modules\\\\firebase-admin\\\\lib\\\\index.js\"}"}}
[debug] [2020-11-28T14:18:31.053Z] [runtime-status] [9720] Resolved module firebase-functions {"declared":true,"installed":true,"version":"3.11.0","resolution":"C:\\Users\\med\\Desktop\\amazon-clone\\amazon-clone\\functions\\node_modules\\firebase-functions\\lib\\index.js"} {"metadata":{"emulator":{"name":"functions"},"message":"[runtime-status] [9720] Resolved module firebase-functions {\"declared\":true,\"installed\":true,\"version\":\"3.11.0\",\"resolution\":\"C:\\\\Users\\\\med\\\\Desktop\\\\amazon-clone\\\\amazon-clone\\\\functions\\\\node_modules\\\\firebase-functions\\\\lib\\\\index.js\"}"}}
[debug] [2020-11-28T14:18:31.061Z] [runtime-status] [9720] Resolved module firebase-functions {"declared":true,"installed":true,"version":"3.11.0","resolution":"C:\\Users\\med\\Desktop\\amazon-clone\\amazon-clone\\functions\\node_modules\\firebase-functions\\lib\\index.js"} {"metadata":{"emulator":{"name":"functions"},"message":"[runtime-status] [9720] Resolved module firebase-functions {\"declared\":true,\"installed\":true,\"version\":\"3.11.0\",\"resolution\":\"C:\\\\Users\\\\med\\\\Desktop\\\\amazon-clone\\\\amazon-clone\\\\functions\\\\node_modules\\\\firebase-functions\\\\lib\\\\index.js\"}"}}
[debug] [2020-11-28T14:18:31.061Z] [runtime-status] [9720] Outgoing network have been stubbed. [{"name":"http","status":"mocked"},{"name":"http","status":"mocked"},{"name":"https","status":"mocked"},{"name":"https","status":"mocked"},{"name":"net","status":"mocked"}] {"metadata":{"emulator":{"name":"functions"},"message":"[runtime-status] [9720] Outgoing network have been stubbed. [{\"name\":\"http\",\"status\":\"mocked\"},{\"name\":\"http\",\"status\":\"mocked\"},{\"name\":\"https\",\"status\":\"mocked\"},{\"name\":\"https\",\"status\":\"mocked\"},{\"name\":\"net\",\"status\":\"mocked\"}]"}}
[debug] [2020-11-28T14:18:31.061Z] [runtime-status] [9720] Resolved module firebase-functions {"declared":true,"installed":true,"version":"3.11.0","resolution":"C:\\Users\\med\\Desktop\\amazon-clone\\amazon-clone\\functions\\node_modules\\firebase-functions\\lib\\index.js"} {"metadata":{"emulator":{"name":"functions"},"message":"[runtime-status] [9720] Resolved module firebase-functions {\"declared\":true,\"installed\":true,\"version\":\"3.11.0\",\"resolution\":\"C:\\\\Users\\\\med\\\\Desktop\\\\amazon-clone\\\\amazon-clone\\\\functions\\\\node_modules\\\\firebase-functions\\\\lib\\\\index.js\"}"}}
[debug] [2020-11-28T14:18:31.246Z] [runtime-status] [9720] Checked functions.config() {"config":{}} {"metadata":{"emulator":{"name":"functions"},"message":"[runtime-status] [9720] Checked functions.config() {\"config\":{}}"}}
[debug] [2020-11-28T14:18:31.250Z] [runtime-status] [9720] firebase-functions has been stubbed. {"functionsResolution":{"declared":true,"installed":true,"version":"3.11.0","resolution":"C:\\Users\\med\\Desktop\\amazon-clone\\amazon-clone\\functions\\node_modules\\firebase-functions\\lib\\index.js"}} {"metadata":{"emulator":{"name":"functions"},"message":"[runtime-status] [9720] firebase-functions has been stubbed. {\"functionsResolution\":{\"declared\":true,\"installed\":true,\"version\":\"3.11.0\",\"resolution\":\"C:\\\\Users\\\\med\\\\Desktop\\\\amazon-clone\\\\amazon-clone\\\\functions\\\\node_modules\\\\firebase-functions\\\\lib\\\\index.js\"}}"}}
[debug] [2020-11-28T14:18:31.250Z] [runtime-status] [9720] Resolved module firebase-functions {"declared":true,"installed":true,"version":"3.11.0","resolution":"C:\\Users\\med\\Desktop\\amazon-clone\\amazon-clone\\functions\\node_modules\\firebase-functions\\lib\\index.js"} {"metadata":{"emulator":{"name":"functions"},"message":"[runtime-status] [9720] Resolved module firebase-functions {\"declared\":true,\"installed\":true,\"version\":\"3.11.0\",\"resolution\":\"C:\\\\Users\\\\med\\\\Desktop\\\\amazon-clone\\\\amazon-clone\\\\functions\\\\node_modules\\\\firebase-functions\\\\lib\\\\index.js\"}"}}
[debug] [2020-11-28T14:18:31.254Z] [runtime-status] [9720] Resolved module firebase-admin {"declared":true,"installed":true,"version":"9.4.1","resolution":"C:\\Users\\med\\Desktop\\amazon-clone\\amazon-clone\\functions\\node_modules\\firebase-admin\\lib\\index.js"} {"metadata":{"emulator":{"name":"functions"},"message":"[runtime-status] [9720] Resolved module firebase-admin {\"declared\":true,\"installed\":true,\"version\":\"9.4.1\",\"resolution\":\"C:\\\\Users\\\\med\\\\Desktop\\\\amazon-clone\\\\amazon-clone\\\\functions\\\\node_modules\\\\firebase-admin\\\\lib\\\\index.js\"}"}}
[debug] [2020-11-28T14:18:31.254Z] [runtime-status] [9720] Resolved module firebase-functions {"declared":true,"installed":true,"version":"3.11.0","resolution":"C:\\Users\\med\\Desktop\\amazon-clone\\amazon-clone\\functions\\node_modules\\firebase-functions\\lib\\index.js"} {"metadata":{"emulator":{"name":"functions"},"message":"[runtime-status] [9720] Resolved module firebase-functions {\"declared\":true,\"installed\":true,\"version\":\"3.11.0\",\"resolution\":\"C:\\\\Users\\\\med\\\\Desktop\\\\amazon-clone\\\\amazon-clone\\\\functions\\\\node_modules\\\\firebase-functions\\\\lib\\\\index.js\"}"}}
[debug] [2020-11-28T14:18:31.258Z] [runtime-status] [9720] firebase-admin has been stubbed. {"adminResolution":{"declared":true,"installed":true,"version":"9.4.1","resolution":"C:\\Users\\med\\Desktop\\amazon-clone\\amazon-clone\\functions\\node_modules\\firebase-admin\\lib\\index.js"}} {"metadata":{"emulator":{"name":"functions"},"message":"[runtime-status] [9720] firebase-admin has been stubbed. {\"adminResolution\":{\"declared\":true,\"installed\":true,\"version\":\"9.4.1\",\"resolution\":\"C:\\\\Users\\\\med\\\\Desktop\\\\amazon-clone\\\\amazon-clone\\\\functions\\\\node_modules\\\\firebase-admin\\\\lib\\\\index.js\"}}"}}
[debug] [2020-11-28T14:18:31.732Z] [worker-~diagnostic~-92cfbc5e-37bc-4f54-b7b3-9cf200f1b247]: IDLE {"metadata":{"emulator":{"name":"functions"},"message":"[worker-~diagnostic~-92cfbc5e-37bc-4f54-b7b3-9cf200f1b247]: IDLE"}}
